C:\USERS\JULIAN\DOCUMENTS\VISUAL STUDIO 2010\PROJECTS\DSP_SIFT\DEBUG\DSP_SIFT.EXE
C:\USERS\JULIAN\DOCUMENTS\VISUAL STUDIO 2010\PROJECTS\DSP_SIFT\DEBUG\DSP_SIFT.ILK
C:\USERS\JULIAN\DOCUMENTS\VISUAL STUDIO 2010\PROJECTS\DSP_SIFT\DEBUG\DSP_SIFT.PDB
C:\USERS\JULIAN\DOCUMENTS\VISUAL STUDIO 2010\PROJECTS\DSP_SIFT\DSP_SIFT\DEBUG\DSP_SIFT.EXE.INTERMEDIATE.MANIFEST
C:\USERS\JULIAN\DOCUMENTS\VISUAL STUDIO 2010\PROJECTS\DSP_SIFT\DSP_SIFT\DEBUG\MAIN.OBJ
C:\USERS\JULIAN\DOCUMENTS\VISUAL STUDIO 2010\PROJECTS\DSP_SIFT\DSP_SIFT\DEBUG\VC100.PDB
C:\USERS\JULIAN\DOCUMENTS\VISUAL STUDIO 2010\PROJECTS\DSP_SIFT_CPP\DEBUG\DSP_SIFT.EXE
C:\USERS\JULIAN\DOCUMENTS\VISUAL STUDIO 2010\PROJECTS\DSP_SIFT_CPP\DEBUG\DSP_SIFT.ILK
C:\USERS\JULIAN\DOCUMENTS\VISUAL STUDIO 2010\PROJECTS\DSP_SIFT_CPP\DEBUG\DSP_SIFT.PDB
C:\Users\Julian\Documents\Visual Studio 2010\Projects\dsp_sift_cpp\DSP_SIFT\Debug\cl.command.1.tlog
C:\Users\Julian\Documents\Visual Studio 2010\Projects\dsp_sift_cpp\DSP_SIFT\Debug\CL.read.1.tlog
C:\Users\Julian\Documents\Visual Studio 2010\Projects\dsp_sift_cpp\DSP_SIFT\Debug\CL.write.1.tlog
C:\USERS\JULIAN\DOCUMENTS\VISUAL STUDIO 2010\PROJECTS\DSP_SIFT_CPP\DSP_SIFT\DEBUG\DSP_SIFT.EXE.INTERMEDIATE.MANIFEST
C:\USERS\JULIAN\DOCUMENTS\VISUAL STUDIO 2010\PROJECTS\DSP_SIFT_CPP\DSP_SIFT\DEBUG\DSP_SIFT.OBJ
C:\Users\Julian\Documents\Visual Studio 2010\Projects\dsp_sift_cpp\DSP_SIFT\Debug\DSP_SIFT.vcxprojResolveAssemblyReference.cache
C:\Users\Julian\Documents\Visual Studio 2010\Projects\dsp_sift_cpp\DSP_SIFT\Debug\DSP_SIFT.write.1.tlog
C:\USERS\JULIAN\DOCUMENTS\VISUAL STUDIO 2010\PROJECTS\DSP_SIFT_CPP\DSP_SIFT\DEBUG\DSP_SIFT_HELPERLIB.OBJ
C:\Users\Julian\Documents\Visual Studio 2010\Projects\dsp_sift_cpp\DSP_SIFT\Debug\link.command.1.tlog
C:\Users\Julian\Documents\Visual Studio 2010\Projects\dsp_sift_cpp\DSP_SIFT\Debug\link.read.1.tlog
C:\Users\Julian\Documents\Visual Studio 2010\Projects\dsp_sift_cpp\DSP_SIFT\Debug\link.write.1.tlog
C:\USERS\JULIAN\DOCUMENTS\VISUAL STUDIO 2010\PROJECTS\DSP_SIFT_CPP\DSP_SIFT\DEBUG\MAIN.OBJ
C:\Users\Julian\Documents\Visual Studio 2010\Projects\dsp_sift_cpp\DSP_SIFT\Debug\mt.command.1.tlog
C:\Users\Julian\Documents\Visual Studio 2010\Projects\dsp_sift_cpp\DSP_SIFT\Debug\mt.read.1.tlog
C:\Users\Julian\Documents\Visual Studio 2010\Projects\dsp_sift_cpp\DSP_SIFT\Debug\mt.write.1.tlog
C:\Users\Julian\Documents\Visual Studio 2010\Projects\dsp_sift_cpp\DSP_SIFT\Debug\vc100.idb
C:\USERS\JULIAN\DOCUMENTS\VISUAL STUDIO 2010\PROJECTS\DSP_SIFT_CPP\DSP_SIFT\DEBUG\VC100.PDB
C:\USERS\JULIAN\DOCUMENTS\VISUAL STUDIO 2010\PROJECTS\DSP_SIFT_CPP\DSP_SIFT\DEBUG\VLFEAT_HELPERLIB.OBJ
